[17:34:23] [Info] Element '(Name: Hesap Makinesi) and ControlType: System.Windows.Automation.ControlType' not found 
[16:07:05] [Info] Click on 'type: ControlType.ComboBox, uid: KonfigurasyonCombobox' element at (356, 216) ClickablePoint 
[16:09:20] [Info] Click on 'type: ControlType.ComboBox, uid: KonfigurasyonCombobox' element at (356, 216) ClickablePoint 
[16:09:21] [Debug] Element 'type: ControlType.ComboBox, uid: KonfigurasyonCombobox' not have ClickablePoint 
[16:09:22] [Info] Click on 'type: ControlType.ComboBox, uid: KonfigurasyonCombobox' element at (356, 261.5) BoundingRectangle center 
[16:09:23] [Info] Click on 'type: ControlType.ComboBox, uid: KonfigurasyonCombobox' element at (356, 307) ClickablePoint 
[16:27:03] [Info] Click on 'type: ControlType.ComboBox, uid: KonfigurasyonCombobox' element at (538, 398) ClickablePoint 
[16:27:14] [Info] Element '*[@AutomationId='DropDownScrollViewer']' not found 
[16:28:11] [Info] Click on 'type: ControlType.ComboBox, uid: KonfigurasyonCombobox' element at (538, 398) ClickablePoint 
[16:28:42] [Info] Click on 'type: ControlType.ComboBox, uid: KonfigurasyonCombobox' element at (538, 398) ClickablePoint 
[16:28:52] [Info] Element '*[@AutomationId='DropDownScrollViewer']' not found 
[16:29:45] [Info] Click on 'type: ControlType.ComboBox, uid: KonfigurasyonCombobox' element at (538, 398) ClickablePoint 
[16:31:07] [Info] Click on 'type: ControlType.ComboBox, uid: KonfigurasyonCombobox' element at (538, 398) ClickablePoint 
[16:32:44] [Info] Click on 'type: ControlType.ComboBox, uid: KonfigurasyonCombobox' element at (1188, 593) ClickablePoint 
[16:36:34] [Debug] Element 'type: ControlType.ComboBox, uid: KonfigurasyonCombobox' not have ClickablePoint 
[16:36:34] [Info] Click on 'type: ControlType.ComboBox, uid: KonfigurasyonCombobox' element at (-31670, -31810) BoundingRectangle center 
[16:36:51] [Info] Click on 'type: ControlType.ComboBox, uid: KonfigurasyonCombobox' element at (408, 268) ClickablePoint 
[16:37:02] [Info] Element '*[@ClassName='ComboBox']' not found 
[16:43:38] [Debug] Element 'type: ControlType.ComboBox, uid: KonfigurasyonCombobox' not have ClickablePoint 
[16:43:39] [Info] Click on 'type: ControlType.ComboBox, uid: KonfigurasyonCombobox' element at (-31670, -31810) BoundingRectangle center 
[16:43:52] [Info] Click on 'type: ControlType.ComboBox, uid: KonfigurasyonCombobox' element at (632, 412) ClickablePoint 
[16:44:03] [Info] Element '*[@ClassName='ComboBox']' not found 
[16:44:39] [Info] Click on 'type: ControlType.ComboBox, uid: KonfigurasyonCombobox' element at (632, 412) ClickablePoint 
[16:45:28] [Info] Click on 'type: ControlType.ComboBox, uid: KonfigurasyonCombobox' element at (632, 412) ClickablePoint 
[16:45:29] [Debug] Element 'type: ControlType.ListItem, name: Var' not have ClickablePoint 
[16:45:30] [Info] Click on 'type: ControlType.ListItem, name: Var' element at (632, 434) BoundingRectangle center 
[16:46:32] [Info] Click on 'type: ControlType.ComboBox, uid: KonfigurasyonCombobox' element at (632, 412) ClickablePoint 
[16:46:33] [Debug] Element 'type: ControlType.ListItem, name: Var' not have ClickablePoint 
[16:46:34] [Info] Click on 'type: ControlType.ListItem, name: Var' element at (632, 434) BoundingRectangle center 
[16:46:36] [Info] Click on 'type: ControlType.ComboBox, uid: KonfigurasyonCombobox' element at (632, 457) ClickablePoint 
[16:46:37] [Debug] Element 'type: ControlType.ListItem, name: Var' not have ClickablePoint 
[16:46:38] [Info] Click on 'type: ControlType.ListItem, name: Var' element at (632, 479) BoundingRectangle center 
[16:46:40] [Info] Click on 'type: ControlType.ComboBox, uid: KonfigurasyonCombobox' element at (632, 503) ClickablePoint 
[16:46:41] [Debug] Element 'type: ControlType.ListItem, name: Var' not have ClickablePoint 
[16:46:42] [Info] Click on 'type: ControlType.ListItem, name: Var' element at (632, 525) BoundingRectangle center 
[17:24:25] [Info] Click on 'type: ControlType.ComboBox, uid: KonfigurasyonCombobox' element at (1212, 281) ClickablePoint 
[17:24:26] [Debug] Element 'type: ControlType.ListItem, name: Var' not have ClickablePoint 
[17:24:27] [Info] Click on 'type: ControlType.ListItem, name: Var' element at (1212, 303) BoundingRectangle center 
[17:26:03] [Info] Click on 'type: ControlType.ComboBox, uid: KonfigurasyonCombobox' element at (744, 356) ClickablePoint 
[17:26:04] [Debug] Element 'type: ControlType.ListItem, name: Var' not have ClickablePoint 
[17:26:04] [Info] Click on 'type: ControlType.ListItem, name: Var' element at (744, 378) BoundingRectangle center 
[17:26:33] [Info] Click on 'type: ControlType.ComboBox, uid: KonfigurasyonCombobox' element at (744, 401) ClickablePoint 
[17:26:34] [Debug] Element 'type: ControlType.ListItem, name: Var' not have ClickablePoint 
[17:26:35] [Info] Click on 'type: ControlType.ListItem, name: Var' element at (744, 423) BoundingRectangle center 
[17:26:47] [Info] Click on 'type: ControlType.ComboBox, uid: KonfigurasyonCombobox' element at (744, 401) ClickablePoint 
[17:26:48] [Debug] Element 'type: ControlType.ListItem, name: Var' not have ClickablePoint 
[17:26:49] [Info] Click on 'type: ControlType.ListItem, name: Var' element at (744, 423) BoundingRectangle center 
[17:27:28] [Info] Click on 'type: ControlType.ComboBox, uid: KonfigurasyonCombobox' element at (744, 356) ClickablePoint 
[17:27:29] [Debug] Element 'type: ControlType.ListItem, name: Var' not have ClickablePoint 
[17:27:30] [Info] Click on 'type: ControlType.ListItem, name: Var' element at (744, 378) BoundingRectangle center 
[17:29:07] [Info] Click on 'type: ControlType.ComboBox, uid: KonfigurasyonCombobox' element at (744, 356) ClickablePoint 
[17:29:08] [Debug] Element 'type: ControlType.ListItem, name: Var' not have ClickablePoint 
[17:29:09] [Info] Click on 'type: ControlType.ListItem, name: Var' element at (744, 378) BoundingRectangle center 
[17:29:10] [Info] Click on 'type: ControlType.ComboBox, uid: KonfigurasyonCombobox' element at (744, 447) ClickablePoint 
[17:29:11] [Debug] Element 'type: ControlType.ListItem, name: Var' not have ClickablePoint 
[17:29:12] [Info] Click on 'type: ControlType.ListItem, name: Var' element at (744, 469) BoundingRectangle center 
[17:29:53] [Info] Click on 'type: ControlType.ComboBox, uid: KonfigurasyonCombobox' element at (744, 447) ClickablePoint 
[17:29:54] [Debug] Element 'type: ControlType.ListItem, name: Var' not have ClickablePoint 
[17:29:55] [Info] Click on 'type: ControlType.ListItem, name: Var' element at (744, 469) BoundingRectangle center 
[17:48:31] [Info] Click on 'type: ControlType.ComboBox, uid: KonfigurasyonCombobox' element at (732, 402) ClickablePoint 
[17:48:32] [Debug] Element 'type: ControlType.ListItem, name: Var' not have ClickablePoint 
[17:48:33] [Info] Click on 'type: ControlType.ListItem, name: Var' element at (732, 424) BoundingRectangle center 
[17:48:35] [Info] Click on 'type: ControlType.ComboBox, uid: KonfigurasyonCombobox' element at (732, 493) ClickablePoint 
[17:48:36] [Debug] Element 'type: ControlType.ListItem, name: Var' not have ClickablePoint 
[17:48:36] [Info] Click on 'type: ControlType.ListItem, name: Var' element at (732, 515) BoundingRectangle center 
[08:08:41] [Info] Element '(Name: Sekmeli Arayüz) and ControlType: System.Windows.Automation.ControlType' not found 
[08:09:45] [Info] Element '(Name: Sekmeli Arayüz) and ControlType: System.Windows.Automation.ControlType' not found 
[13:51:09] [Info] Click on 'type: ControlType.Button, uid: Hazýrlýk, name: Hazýrlýk' element at (468, 37) ClickablePoint 
[13:51:11] [Info] Click on 'type: ControlType.Button, uid: Motor, name: Motor' element at (665, 37) ClickablePoint 
[13:54:13] [Info] Click on 'type: ControlType.Button, uid: Hazýrlýk, name: Hazýrlýk' element at (468, 37) ClickablePoint 
[13:54:15] [Info] Click on 'type: ControlType.Button, uid: Motor, name: Motor' element at (665, 37) ClickablePoint 
[13:54:17] [Info] Click on 'type: ControlType.Button, uid: Yakýt, name: Yakýt' element at (862, 37) ClickablePoint 
[13:54:25] [Info] Click on 'type: ControlType.Button, uid: Güc, name: Güç' element at (1059, 37) ClickablePoint 
[13:54:33] [Info] Click on 'type: ControlType.Button, uid: Konfigurasyon, name: Konfigürasyon' element at (1256, 37) ClickablePoint 
[13:54:41] [Info] Click on 'type: ControlType.Button, uid: Kamera, name: Kamera' element at (1453, 37) ClickablePoint 
[13:59:23] [Info] Click on 'type: ControlType.Button, uid: Hazýrlýk, name: Hazýrlýk' element at (468, 37) ClickablePoint 
[13:59:25] [Info] Click on 'type: ControlType.Button, uid: Motor, name: Motor' element at (665, 37) ClickablePoint 
[13:59:29] [Info] Click on 'type: ControlType.Button, uid: Yakýt, name: Yakýt' element at (862, 37) ClickablePoint 
[13:59:36] [Info] Click on 'type: ControlType.Button, uid: Güc, name: Güç' element at (1059, 37) ClickablePoint 
[13:59:44] [Info] Click on 'type: ControlType.Button, uid: Konfigurasyon, name: Konfigürasyon' element at (1256, 37) ClickablePoint 
[13:59:51] [Info] Click on 'type: ControlType.Button, uid: Kamera, name: Kamera' element at (1453, 37) ClickablePoint 
[14:14:23] [Info] Click on 'type: ControlType.Button, uid: Hazýrlýk, name: Hazýrlýk' element at (468, 37) ClickablePoint 
[14:14:25] [Info] Click on 'type: ControlType.Button, uid: Motor, name: Motor' element at (665, 37) ClickablePoint 
[14:14:26] [Info] Click on 'type: ControlType.Button, uid: Yakýt, name: Yakýt' element at (862, 37) ClickablePoint 
[14:14:34] [Info] Click on 'type: ControlType.Button, uid: Güc, name: Güç' element at (1059, 37) ClickablePoint 
[14:14:42] [Info] Click on 'type: ControlType.Button, uid: Konfigurasyon, name: Konfigürasyon' element at (1256, 37) ClickablePoint 
[14:14:50] [Info] Click on 'type: ControlType.Button, uid: Kamera, name: Kamera' element at (1453, 37) ClickablePoint 
[14:24:36] [Info] Click on 'type: ControlType.Button, uid: Hazýrlýk, name: Hazýrlýk' element at (468, 37) ClickablePoint 
[14:24:38] [Info] Click on 'type: ControlType.Button, uid: Motor, name: Motor' element at (665, 37) ClickablePoint 
[14:26:13] [Info] Click on 'type: ControlType.Button, uid: Hazýrlýk, name: Hazýrlýk' element at (468, 37) ClickablePoint 
[14:26:15] [Info] Click on 'type: ControlType.Button, uid: Motor, name: Motor' element at (665, 37) ClickablePoint 
[14:27:14] [Info] Click on 'type: ControlType.Button, uid: Hazýrlýk, name: Hazýrlýk' element at (468, 37) ClickablePoint 
[14:27:16] [Info] Click on 'type: ControlType.Button, uid: Motor, name: Motor' element at (665, 37) ClickablePoint 
[14:29:01] [Info] Click on 'type: ControlType.Button, uid: Hazýrlýk, name: Hazýrlýk' element at (468, 37) ClickablePoint 
[14:29:02] [Info] Click on 'type: ControlType.Button, uid: Motor, name: Motor' element at (665, 37) ClickablePoint 
[14:29:05] [Info] Click on 'type: ControlType.Button, uid: Yakýt, name: Yakýt' element at (862, 37) ClickablePoint 
[14:29:12] [Info] Click on 'type: ControlType.Button, uid: Güc, name: Güç' element at (1059, 37) ClickablePoint 
[14:29:19] [Info] Click on 'type: ControlType.Button, uid: Konfigurasyon, name: Konfigürasyon' element at (1256, 37) ClickablePoint 
[14:29:27] [Info] Click on 'type: ControlType.Button, uid: Kamera, name: Kamera' element at (1453, 37) ClickablePoint 
[14:30:53] [Info] Click on 'type: ControlType.Button, uid: Hazýrlýk, name: Hazýrlýk' element at (468, 37) ClickablePoint 
[14:30:55] [Info] Click on 'type: ControlType.Button, uid: Motor, name: Motor' element at (665, 37) ClickablePoint 
[14:30:56] [Info] Click on 'type: ControlType.Button, uid: Yakýt, name: Yakýt' element at (862, 37) ClickablePoint 
[14:31:04] [Info] Click on 'type: ControlType.Button, uid: Güc, name: Güç' element at (1059, 37) ClickablePoint 
[14:31:10] [Info] Click on 'type: ControlType.Button, uid: Konfigurasyon, name: Konfigürasyon' element at (1256, 37) ClickablePoint 
[14:31:18] [Info] Click on 'type: ControlType.Button, uid: Kamera, name: Kamera' element at (1453, 37) ClickablePoint 
[14:32:23] [Info] Click on 'type: ControlType.Button, uid: Hazýrlýk, name: Hazýrlýk' element at (468, 37) ClickablePoint 
[14:32:25] [Info] Click on 'type: ControlType.Button, uid: Motor, name: Motor' element at (665, 37) ClickablePoint 
[14:32:27] [Info] Click on 'type: ControlType.Button, uid: Yakýt, name: Yakýt' element at (862, 37) ClickablePoint 
[14:32:34] [Info] Click on 'type: ControlType.Button, uid: Güc, name: Güç' element at (1059, 37) ClickablePoint 
[14:32:41] [Info] Click on 'type: ControlType.Button, uid: Konfigurasyon, name: Konfigürasyon' element at (1256, 37) ClickablePoint 
[14:32:49] [Info] Click on 'type: ControlType.Button, uid: Kamera, name: Kamera' element at (1453, 37) ClickablePoint 
[14:38:59] [Info] Click on 'type: ControlType.Button, uid: Hazýrlýk, name: Hazýrlýk' element at (468, 37) ClickablePoint 
[14:39:01] [Info] Click on 'type: ControlType.Button, uid: Motor, name: Motor' element at (665, 37) ClickablePoint 
[14:39:02] [Info] Click on 'type: ControlType.Button, uid: Yakýt, name: Yakýt' element at (862, 37) ClickablePoint 
[14:39:05] [Info] Click on 'type: ControlType.Button, uid: Güc, name: Güç' element at (1059, 37) ClickablePoint 
[14:39:11] [Info] Click on 'type: ControlType.Button, uid: Konfigurasyon, name: Konfigürasyon' element at (1256, 37) ClickablePoint 
[14:39:15] [Info] Click on 'type: ControlType.Button, uid: Kamera, name: Kamera' element at (1453, 37) ClickablePoint 
[16:39:59] [Info] Click on 'type: ControlType.ComboBox, uid: KonfigurasyonCombobox' element at (323, 183) ClickablePoint 
[16:40:00] [Debug] Element 'type: ControlType.ListItem, name: Var' not have ClickablePoint 
[16:40:01] [Info] Click on 'type: ControlType.ListItem, name: Var' element at (323, 205) BoundingRectangle center 
[16:40:03] [Info] Click on 'type: ControlType.ComboBox, uid: KonfigurasyonCombobox' element at (323, 274) ClickablePoint 
[16:40:04] [Debug] Element 'type: ControlType.ListItem, name: Var' not have ClickablePoint 
[16:40:04] [Info] Click on 'type: ControlType.ListItem, name: Var' element at (323, 296) BoundingRectangle center 
[17:00:31] [Info] Click on 'type: ControlType.ComboBox, uid: KonfigurasyonCombobox' element at (323, 183) ClickablePoint 
[17:00:32] [Debug] Element 'type: ControlType.ListItem, name: Var' not have ClickablePoint 
[17:00:32] [Info] Click on 'type: ControlType.ListItem, name: Var' element at (323, 205) BoundingRectangle center 
[17:00:34] [Info] Click on 'type: ControlType.ComboBox, uid: KonfigurasyonCombobox' element at (323, 274) ClickablePoint 
[17:00:35] [Debug] Element 'type: ControlType.ListItem, name: Var' not have ClickablePoint 
[17:00:35] [Info] Click on 'type: ControlType.ListItem, name: Var' element at (323, 296) BoundingRectangle center 
[08:59:22] [Info] Click on 'type: ControlType.ComboBox, uid: KonfigurasyonCombobox' element at (323, 183) ClickablePoint 
[08:59:23] [Debug] Element 'type: ControlType.ListItem, name: Var' not have ClickablePoint 
[08:59:23] [Info] Click on 'type: ControlType.ListItem, name: Var' element at (323, 205) BoundingRectangle center 
[08:59:25] [Info] Click on 'type: ControlType.ComboBox, uid: KonfigurasyonCombobox' element at (323, 274) ClickablePoint 
[08:59:26] [Debug] Element 'type: ControlType.ListItem, name: Var' not have ClickablePoint 
[08:59:27] [Info] Click on 'type: ControlType.ListItem, name: Var' element at (323, 296) BoundingRectangle center 
[09:23:29] [Info] Click on 'type: ControlType.ComboBox, uid: KonfigurasyonCombobox' element at (323, 183) ClickablePoint 
[09:23:30] [Debug] Element 'type: ControlType.ListItem, name: Var' not have ClickablePoint 
[09:23:30] [Info] Click on 'type: ControlType.ListItem, name: Var' element at (323, 205) BoundingRectangle center 
[09:23:32] [Info] Click on 'type: ControlType.ComboBox, uid: KonfigurasyonCombobox' element at (323, 274) ClickablePoint 
[09:23:33] [Debug] Element 'type: ControlType.ListItem, name: Var' not have ClickablePoint 
[09:23:34] [Info] Click on 'type: ControlType.ListItem, name: Var' element at (323, 296) BoundingRectangle center 
[09:23:46] [Info] Click on 'type: ControlType.ComboBox, uid: KonfigurasyonCombobox' element at (323, 228) ClickablePoint 
[09:23:47] [Debug] Element 'type: ControlType.ListItem, name: Var' not have ClickablePoint 
[09:23:47] [Info] Click on 'type: ControlType.ListItem, name: Var' element at (323, 250) BoundingRectangle center 
[09:24:02] [Info] Click on 'type: ControlType.ComboBox, uid: KonfigurasyonCombobox' element at (323, 183) ClickablePoint 
[09:24:03] [Debug] Element 'type: ControlType.ListItem, name: Var' not have ClickablePoint 
[09:24:03] [Info] Click on 'type: ControlType.ListItem, name: Var' element at (323, 205) BoundingRectangle center 
[09:24:09] [Info] Click on 'type: ControlType.ComboBox, uid: KonfigurasyonCombobox' element at (323, 228) ClickablePoint 
[09:24:10] [Debug] Element 'type: ControlType.ListItem, name: Var' not have ClickablePoint 
[09:24:11] [Info] Click on 'type: ControlType.ListItem, name: Var' element at (323, 250) BoundingRectangle center 
[09:24:16] [Info] Click on 'type: ControlType.ComboBox, uid: KonfigurasyonCombobox' element at (323, 274) ClickablePoint 
[09:24:17] [Debug] Element 'type: ControlType.ListItem, name: Var' not have ClickablePoint 
[09:24:18] [Info] Click on 'type: ControlType.ListItem, name: Var' element at (323, 296) BoundingRectangle center 
[10:22:42] [Info] Click on 'type: ControlType.ComboBox, uid: KonfigurasyonCombobox' element at (323, 183) ClickablePoint 
[10:22:43] [Debug] Element 'type: ControlType.ListItem, name: Var' not have ClickablePoint 
[10:22:43] [Info] Click on 'type: ControlType.ListItem, name: Var' element at (323, 205) BoundingRectangle center 
[10:22:45] [Info] Click on 'type: ControlType.ComboBox, uid: KonfigurasyonCombobox' element at (323, 274) ClickablePoint 
[10:22:46] [Debug] Element 'type: ControlType.ListItem, name: Var' not have ClickablePoint 
[10:22:46] [Info] Click on 'type: ControlType.ListItem, name: Var' element at (323, 296) BoundingRectangle center 
[10:30:55] [Info] Click on 'type: ControlType.ComboBox, uid: KonfigurasyonCombobox' element at (323, 183) ClickablePoint 
[10:30:57] [Debug] Element 'type: ControlType.ListItem, name: Var' not have ClickablePoint 
[10:30:57] [Info] Click on 'type: ControlType.ListItem, name: Var' element at (323, 205) BoundingRectangle center 
[10:30:59] [Info] Click on 'type: ControlType.ComboBox, uid: KonfigurasyonCombobox' element at (323, 274) ClickablePoint 
[10:31:00] [Debug] Element 'type: ControlType.ListItem, name: Var' not have ClickablePoint 
[10:31:00] [Info] Click on 'type: ControlType.ListItem, name: Var' element at (323, 296) BoundingRectangle center 
[10:31:12] [Info] Click on 'type: ControlType.ComboBox, uid: KonfigurasyonCombobox' element at (323, 228) ClickablePoint 
[10:31:13] [Debug] Element 'type: ControlType.ListItem, name: Var' not have ClickablePoint 
[10:31:14] [Info] Click on 'type: ControlType.ListItem, name: Var' element at (323, 250) BoundingRectangle center 
[10:31:29] [Info] Click on 'type: ControlType.ComboBox, uid: KonfigurasyonCombobox' element at (323, 183) ClickablePoint 
[10:31:30] [Debug] Element 'type: ControlType.ListItem, name: Var' not have ClickablePoint 
[10:31:31] [Info] Click on 'type: ControlType.ListItem, name: Var' element at (323, 205) BoundingRectangle center 
[10:31:37] [Info] Click on 'type: ControlType.ComboBox, uid: KonfigurasyonCombobox' element at (323, 228) ClickablePoint 
[10:31:38] [Debug] Element 'type: ControlType.ListItem, name: Var' not have ClickablePoint 
[10:31:38] [Info] Click on 'type: ControlType.ListItem, name: Var' element at (323, 250) BoundingRectangle center 
[10:31:44] [Info] Click on 'type: ControlType.ComboBox, uid: KonfigurasyonCombobox' element at (323, 274) ClickablePoint 
[10:31:45] [Debug] Element 'type: ControlType.ListItem, name: Var' not have ClickablePoint 
[10:31:46] [Info] Click on 'type: ControlType.ListItem, name: Var' element at (323, 296) BoundingRectangle center 
[13:28:36] [Info] Click on 'type: ControlType.ComboBox, uid: KonfigurasyonCombobox' element at (323, 183) ClickablePoint 
[13:28:37] [Debug] Element 'type: ControlType.ListItem, name: Var' not have ClickablePoint 
[13:28:37] [Info] Click on 'type: ControlType.ListItem, name: Var' element at (323, 205) BoundingRectangle center 
[13:28:39] [Info] Click on 'type: ControlType.ComboBox, uid: KonfigurasyonCombobox' element at (323, 274) ClickablePoint 
[13:28:40] [Debug] Element 'type: ControlType.ListItem, name: Var' not have ClickablePoint 
[13:28:41] [Info] Click on 'type: ControlType.ListItem, name: Var' element at (323, 296) BoundingRectangle center 
[13:28:58] [Info] Click on 'type: ControlType.ComboBox, uid: KonfigurasyonCombobox' element at (323, 228) ClickablePoint 
[13:28:59] [Debug] Element 'type: ControlType.ListItem, name: Var' not have ClickablePoint 
[13:29:00] [Info] Click on 'type: ControlType.ListItem, name: Var' element at (323, 250) BoundingRectangle center 
[13:29:17] [Info] Click on 'type: ControlType.ComboBox, uid: KonfigurasyonCombobox' element at (323, 183) ClickablePoint 
[13:29:19] [Debug] Element 'type: ControlType.ListItem, name: Var' not have ClickablePoint 
[13:29:19] [Info] Click on 'type: ControlType.ListItem, name: Var' element at (323, 205) BoundingRectangle center 
[13:29:27] [Info] Click on 'type: ControlType.ComboBox, uid: KonfigurasyonCombobox' element at (323, 228) ClickablePoint 
[13:29:28] [Debug] Element 'type: ControlType.ListItem, name: Var' not have ClickablePoint 
[13:29:28] [Info] Click on 'type: ControlType.ListItem, name: Var' element at (323, 250) BoundingRectangle center 
[13:29:36] [Info] Click on 'type: ControlType.ComboBox, uid: KonfigurasyonCombobox' element at (323, 274) ClickablePoint 
[13:29:37] [Debug] Element 'type: ControlType.ListItem, name: Var' not have ClickablePoint 
[13:29:37] [Info] Click on 'type: ControlType.ListItem, name: Var' element at (323, 296) BoundingRectangle center 
[14:42:59] [Info] Click on 'type: ControlType.ComboBox, uid: KonfigurasyonCombobox' element at (323, 183) ClickablePoint 
[14:43:00] [Debug] Element 'type: ControlType.ListItem, name: Var' not have ClickablePoint 
[14:43:00] [Info] Click on 'type: ControlType.ListItem, name: Var' element at (323, 205) BoundingRectangle center 
[14:43:02] [Info] Click on 'type: ControlType.ComboBox, uid: KonfigurasyonCombobox' element at (323, 274) ClickablePoint 
[14:43:03] [Debug] Element 'type: ControlType.ListItem, name: Var' not have ClickablePoint 
[14:43:03] [Info] Click on 'type: ControlType.ListItem, name: Var' element at (323, 296) BoundingRectangle center 
[14:43:18] [Info] Click on 'type: ControlType.ComboBox, uid: KonfigurasyonCombobox' element at (323, 228) ClickablePoint 
[14:43:19] [Debug] Element 'type: ControlType.ListItem, name: Var' not have ClickablePoint 
[14:43:19] [Info] Click on 'type: ControlType.ListItem, name: Var' element at (323, 250) BoundingRectangle center 
[14:43:37] [Info] Click on 'type: ControlType.ComboBox, uid: KonfigurasyonCombobox' element at (323, 183) ClickablePoint 
[14:43:38] [Debug] Element 'type: ControlType.ListItem, name: Var' not have ClickablePoint 
[14:43:39] [Info] Click on 'type: ControlType.ListItem, name: Var' element at (323, 205) BoundingRectangle center 
[14:43:46] [Info] Click on 'type: ControlType.ComboBox, uid: KonfigurasyonCombobox' element at (323, 228) ClickablePoint 
[14:43:47] [Debug] Element 'type: ControlType.ListItem, name: Var' not have ClickablePoint 
[14:43:48] [Info] Click on 'type: ControlType.ListItem, name: Var' element at (323, 250) BoundingRectangle center 
[14:43:55] [Info] Click on 'type: ControlType.ComboBox, uid: KonfigurasyonCombobox' element at (323, 274) ClickablePoint 
[14:43:56] [Debug] Element 'type: ControlType.ListItem, name: Var' not have ClickablePoint 
[14:43:57] [Info] Click on 'type: ControlType.ListItem, name: Var' element at (323, 296) BoundingRectangle center 
[15:30:22] [Info] Click on 'type: ControlType.ComboBox, uid: KonfigurasyonCombobox' element at (323, 183) ClickablePoint 
[15:30:23] [Debug] Element 'type: ControlType.ListItem, name: Var' not have ClickablePoint 
[15:30:24] [Info] Click on 'type: ControlType.ListItem, name: Var' element at (323, 205) BoundingRectangle center 
[15:31:54] [Info] Click on 'type: ControlType.ComboBox, uid: KonfigurasyonCombobox' element at (323, 183) ClickablePoint 
[15:31:55] [Debug] Element 'type: ControlType.ListItem, name: Var' not have ClickablePoint 
[15:31:56] [Info] Click on 'type: ControlType.ListItem, name: Var' element at (323, 205) BoundingRectangle center 
[15:32:54] [Info] Click on 'type: ControlType.ComboBox, uid: KonfigurasyonCombobox' element at (323, 183) ClickablePoint 
[15:32:55] [Debug] Element 'type: ControlType.ListItem, name: Var' not have ClickablePoint 
[15:32:56] [Info] Click on 'type: ControlType.ListItem, name: Var' element at (323, 205) BoundingRectangle center 
[15:34:33] [Info] Click on 'type: ControlType.ComboBox, uid: KonfigurasyonCombobox' element at (323, 183) ClickablePoint 
[15:34:34] [Debug] Element 'type: ControlType.ListItem, name: Var' not have ClickablePoint 
[15:34:35] [Info] Click on 'type: ControlType.ListItem, name: Var' element at (323, 205) BoundingRectangle center 
[15:40:09] [Info] Click on 'type: ControlType.ComboBox, uid: KonfigurasyonCombobox' element at (323, 183) ClickablePoint 
[15:40:10] [Debug] Element 'type: ControlType.ListItem, name: Var' not have ClickablePoint 
[15:40:11] [Info] Click on 'type: ControlType.ListItem, name: Var' element at (323, 205) BoundingRectangle center 
[15:40:34] [Info] Click on 'type: ControlType.ComboBox, uid: KonfigurasyonCombobox' element at (323, 183) ClickablePoint 
[15:40:35] [Debug] Element 'type: ControlType.ListItem, name: Var' not have ClickablePoint 
[15:40:36] [Info] Click on 'type: ControlType.ListItem, name: Var' element at (323, 205) BoundingRectangle center 
[15:46:45] [Info] Click on 'type: ControlType.ComboBox, uid: KonfigurasyonCombobox' element at (323, 183) ClickablePoint 
[15:46:46] [Debug] Element 'type: ControlType.ListItem, name: Var' not have ClickablePoint 
[15:46:46] [Info] Click on 'type: ControlType.ListItem, name: Var' element at (323, 205) BoundingRectangle center 
[15:48:54] [Info] Click on 'type: ControlType.ComboBox, uid: KonfigurasyonCombobox' element at (323, 183) ClickablePoint 
[15:48:55] [Debug] Element 'type: ControlType.ListItem, name: Var' not have ClickablePoint 
[15:48:55] [Info] Click on 'type: ControlType.ListItem, name: Var' element at (323, 205) BoundingRectangle center 
[15:50:42] [Info] Click on 'type: ControlType.ComboBox, uid: KonfigurasyonCombobox' element at (323, 183) ClickablePoint 
[15:50:43] [Debug] Element 'type: ControlType.ListItem, name: Var' not have ClickablePoint 
[15:50:43] [Info] Click on 'type: ControlType.ListItem, name: Var' element at (323, 205) BoundingRectangle center 
[15:51:18] [Info] Click on 'type: ControlType.ComboBox, uid: KonfigurasyonCombobox' element at (323, 183) ClickablePoint 
[15:51:19] [Debug] Element 'type: ControlType.ListItem, name: Var' not have ClickablePoint 
[15:51:19] [Info] Click on 'type: ControlType.ListItem, name: Var' element at (323, 205) BoundingRectangle center 
[15:54:48] [Info] Click on 'type: ControlType.ComboBox, uid: KonfigurasyonCombobox' element at (323, 183) ClickablePoint 
[15:54:50] [Debug] Element 'type: ControlType.ListItem, name: Var' not have ClickablePoint 
[15:54:50] [Info] Click on 'type: ControlType.ListItem, name: Var' element at (323, 205) BoundingRectangle center 
[15:55:46] [Info] Click on 'type: ControlType.ComboBox, uid: KonfigurasyonCombobox' element at (323, 183) ClickablePoint 
[15:55:47] [Debug] Element 'type: ControlType.ListItem, name: Var' not have ClickablePoint 
[15:55:47] [Info] Click on 'type: ControlType.ListItem, name: Var' element at (323, 205) BoundingRectangle center 
[15:57:48] [Info] Click on 'type: ControlType.ComboBox, uid: KonfigurasyonCombobox' element at (323, 183) ClickablePoint 
[15:57:49] [Debug] Element 'type: ControlType.ListItem, name: Var' not have ClickablePoint 
[15:57:49] [Info] Click on 'type: ControlType.ListItem, name: Var' element at (323, 205) BoundingRectangle center 
[15:58:28] [Info] Click on 'type: ControlType.ComboBox, uid: KonfigurasyonCombobox' element at (323, 183) ClickablePoint 
[15:58:29] [Debug] Element 'type: ControlType.ListItem, name: Var' not have ClickablePoint 
[15:58:29] [Info] Click on 'type: ControlType.ListItem, name: Var' element at (323, 205) BoundingRectangle center 
[16:02:56] [Info] Click on 'type: ControlType.ComboBox, uid: KonfigurasyonCombobox' element at (323, 183) ClickablePoint 
[16:02:57] [Debug] Element 'type: ControlType.ListItem, name: Var' not have ClickablePoint 
[16:02:58] [Info] Click on 'type: ControlType.ListItem, name: Var' element at (323, 205) BoundingRectangle center 
[16:02:59] [Info] Click on 'type: ControlType.ComboBox, uid: KonfigurasyonCombobox' element at (323, 274) ClickablePoint 
[16:03:00] [Debug] Element 'type: ControlType.ListItem, name: Var' not have ClickablePoint 
[16:03:01] [Info] Click on 'type: ControlType.ListItem, name: Var' element at (323, 296) BoundingRectangle center 
[16:03:18] [Info] Click on 'type: ControlType.ComboBox, uid: KonfigurasyonCombobox' element at (323, 228) ClickablePoint 
[16:03:19] [Debug] Element 'type: ControlType.ListItem, name: Var' not have ClickablePoint 
[16:03:19] [Info] Click on 'type: ControlType.ListItem, name: Var' element at (323, 250) BoundingRectangle center 
[16:03:37] [Info] Click on 'type: ControlType.ComboBox, uid: KonfigurasyonCombobox' element at (323, 183) ClickablePoint 
[16:03:38] [Debug] Element 'type: ControlType.ListItem, name: Var' not have ClickablePoint 
[16:03:39] [Info] Click on 'type: ControlType.ListItem, name: Var' element at (323, 205) BoundingRectangle center 
[16:03:46] [Info] Click on 'type: ControlType.ComboBox, uid: KonfigurasyonCombobox' element at (323, 228) ClickablePoint 
[16:03:47] [Debug] Element 'type: ControlType.ListItem, name: Var' not have ClickablePoint 
[16:03:48] [Info] Click on 'type: ControlType.ListItem, name: Var' element at (323, 250) BoundingRectangle center 
[16:03:55] [Info] Click on 'type: ControlType.ComboBox, uid: KonfigurasyonCombobox' element at (323, 274) ClickablePoint 
[16:03:56] [Debug] Element 'type: ControlType.ListItem, name: Var' not have ClickablePoint 
[16:03:57] [Info] Click on 'type: ControlType.ListItem, name: Var' element at (323, 296) BoundingRectangle center 
[16:04:04] [Info] Click on 'type: ControlType.ComboBox, uid: KonfigurasyonCombobox' element at (323, 183) ClickablePoint 
[16:04:05] [Debug] Element 'type: ControlType.ListItem, name: Var' not have ClickablePoint 
[16:04:06] [Info] Click on 'type: ControlType.ListItem, name: Var' element at (323, 205) BoundingRectangle center 
[11:41:55] [Info] Click on 'type: ControlType.ComboBox, uid: KonfigurasyonCombobox' element at (323, 183) ClickablePoint 
[11:41:56] [Debug] Element 'type: ControlType.ListItem, name: Var' not have ClickablePoint 
[11:41:57] [Info] Click on 'type: ControlType.ListItem, name: Var' element at (323, 205) BoundingRectangle center 
[11:42:00] [Info] Click on 'type: ControlType.ComboBox, uid: KonfigurasyonCombobox' element at (323, 274) ClickablePoint 
[11:42:01] [Debug] Element 'type: ControlType.ListItem, name: Var' not have ClickablePoint 
[11:42:01] [Info] Click on 'type: ControlType.ListItem, name: Var' element at (323, 296) BoundingRectangle center 
[11:42:07] [Info] Click on 'type: ControlType.ComboBox, uid: KonfigurasyonCombobox' element at (323, 183) ClickablePoint 
[11:42:08] [Debug] Element 'type: ControlType.ListItem, name: Var' not have ClickablePoint 
[11:42:08] [Info] Click on 'type: ControlType.ListItem, name: Var' element at (323, 205) BoundingRectangle center 
[11:42:11] [Info] Click on 'type: ControlType.ComboBox, uid: KonfigurasyonCombobox' element at (323, 183) ClickablePoint 
[11:42:12] [Debug] Element 'type: ControlType.ListItem, name: Var' not have ClickablePoint 
[11:42:13] [Info] Click on 'type: ControlType.ListItem, name: Var' element at (323, 205) BoundingRectangle center 
[11:42:20] [Info] Click on 'type: ControlType.ComboBox, uid: KonfigurasyonCombobox' element at (323, 228) ClickablePoint 
[11:42:21] [Debug] Element 'type: ControlType.ListItem, name: Var' not have ClickablePoint 
[11:42:21] [Info] Click on 'type: ControlType.ListItem, name: Var' element at (323, 250) BoundingRectangle center 
[11:42:24] [Info] Click on 'type: ControlType.ComboBox, uid: KonfigurasyonCombobox' element at (323, 228) ClickablePoint 
[11:42:25] [Debug] Element 'type: ControlType.ListItem, name: Var' not have ClickablePoint 
[11:42:26] [Info] Click on 'type: ControlType.ListItem, name: Var' element at (323, 250) BoundingRectangle center 
[11:42:34] [Info] Click on 'type: ControlType.ComboBox, uid: KonfigurasyonCombobox' element at (323, 274) ClickablePoint 
[11:42:36] [Debug] Element 'type: ControlType.ListItem, name: Var' not have ClickablePoint 
[11:42:36] [Info] Click on 'type: ControlType.ListItem, name: Var' element at (323, 296) BoundingRectangle center 
[12:02:19] [Info] Click on 'type: ControlType.ComboBox, uid: KonfigurasyonCombobox' element at (323, 183) ClickablePoint 
[12:02:20] [Debug] Element 'type: ControlType.ListItem, name: Var' not have ClickablePoint 
[12:02:20] [Info] Click on 'type: ControlType.ListItem, name: Var' element at (323, 205) BoundingRectangle center 
[12:02:23] [Info] Click on 'type: ControlType.ComboBox, uid: KonfigurasyonCombobox' element at (323, 274) ClickablePoint 
[12:02:24] [Debug] Element 'type: ControlType.ListItem, name: Var' not have ClickablePoint 
[12:02:25] [Info] Click on 'type: ControlType.ListItem, name: Var' element at (323, 296) BoundingRectangle center 
[12:02:30] [Info] Click on 'type: ControlType.ComboBox, uid: KonfigurasyonCombobox' element at (323, 183) ClickablePoint 
[12:02:31] [Debug] Element 'type: ControlType.ListItem, name: Var' not have ClickablePoint 
[12:02:32] [Info] Click on 'type: ControlType.ListItem, name: Var' element at (323, 205) BoundingRectangle center 
[12:02:35] [Info] Click on 'type: ControlType.ComboBox, uid: KonfigurasyonCombobox' element at (323, 183) ClickablePoint 
[12:02:36] [Debug] Element 'type: ControlType.ListItem, name: Var' not have ClickablePoint 
[12:02:36] [Info] Click on 'type: ControlType.ListItem, name: Var' element at (323, 205) BoundingRectangle center 
[12:02:43] [Info] Click on 'type: ControlType.ComboBox, uid: KonfigurasyonCombobox' element at (323, 228) ClickablePoint 
[12:02:44] [Debug] Element 'type: ControlType.ListItem, name: Var' not have ClickablePoint 
[12:02:44] [Info] Click on 'type: ControlType.ListItem, name: Var' element at (323, 250) BoundingRectangle center 
[12:02:47] [Info] Click on 'type: ControlType.ComboBox, uid: KonfigurasyonCombobox' element at (323, 228) ClickablePoint 
[12:02:48] [Debug] Element 'type: ControlType.ListItem, name: Var' not have ClickablePoint 
[12:02:49] [Info] Click on 'type: ControlType.ListItem, name: Var' element at (323, 250) BoundingRectangle center 
[12:02:58] [Info] Click on 'type: ControlType.ComboBox, uid: KonfigurasyonCombobox' element at (323, 274) ClickablePoint 
[12:02:59] [Debug] Element 'type: ControlType.ListItem, name: Var' not have ClickablePoint 
[12:02:59] [Info] Click on 'type: ControlType.ListItem, name: Var' element at (323, 296) BoundingRectangle center 
[15:00:11] [Info] Click on 'type: ControlType.ComboBox, uid: KonfigurasyonCombobox' element at (323, 183) ClickablePoint 
[15:00:12] [Debug] Element 'type: ControlType.ListItem, name: Var' not have ClickablePoint 
[15:00:13] [Info] Click on 'type: ControlType.ListItem, name: Var' element at (323, 205) BoundingRectangle center 
[15:00:15] [Info] Click on 'type: ControlType.ComboBox, uid: KonfigurasyonCombobox' element at (323, 274) ClickablePoint 
[15:00:17] [Debug] Element 'type: ControlType.ListItem, name: Var' not have ClickablePoint 
[15:00:17] [Info] Click on 'type: ControlType.ListItem, name: Var' element at (323, 296) BoundingRectangle center 
[15:00:23] [Info] Click on 'type: ControlType.ComboBox, uid: KonfigurasyonCombobox' element at (323, 183) ClickablePoint 
[15:00:24] [Debug] Element 'type: ControlType.ListItem, name: Var' not have ClickablePoint 
[15:00:24] [Info] Click on 'type: ControlType.ListItem, name: Var' element at (323, 205) BoundingRectangle center 
[15:00:27] [Info] Click on 'type: ControlType.ComboBox, uid: KonfigurasyonCombobox' element at (323, 183) ClickablePoint 
[15:00:28] [Debug] Element 'type: ControlType.ListItem, name: Var' not have ClickablePoint 
[15:00:29] [Info] Click on 'type: ControlType.ListItem, name: Var' element at (323, 205) BoundingRectangle center 
[15:00:35] [Info] Click on 'type: ControlType.ComboBox, uid: KonfigurasyonCombobox' element at (323, 228) ClickablePoint 
[15:00:36] [Debug] Element 'type: ControlType.ListItem, name: Var' not have ClickablePoint 
[15:00:37] [Info] Click on 'type: ControlType.ListItem, name: Var' element at (323, 250) BoundingRectangle center 
[15:00:40] [Info] Click on 'type: ControlType.ComboBox, uid: KonfigurasyonCombobox' element at (323, 228) ClickablePoint 
[15:00:41] [Debug] Element 'type: ControlType.ListItem, name: Var' not have ClickablePoint 
[15:00:41] [Info] Click on 'type: ControlType.ListItem, name: Var' element at (323, 250) BoundingRectangle center 
[15:00:50] [Info] Click on 'type: ControlType.ComboBox, uid: KonfigurasyonCombobox' element at (323, 274) ClickablePoint 
[15:00:51] [Debug] Element 'type: ControlType.ListItem, name: Var' not have ClickablePoint 
[15:00:52] [Info] Click on 'type: ControlType.ListItem, name: Var' element at (323, 296) BoundingRectangle center 
[15:15:52] [Info] Click on 'type: ControlType.ComboBox, uid: KonfigurasyonCombobox' element at (323, 183) ClickablePoint 
[15:15:53] [Debug] Element 'type: ControlType.ListItem, name: Var' not have ClickablePoint 
[15:15:54] [Info] Click on 'type: ControlType.ListItem, name: Var' element at (323, 205) BoundingRectangle center 
[15:15:56] [Info] Click on 'type: ControlType.ComboBox, uid: KonfigurasyonCombobox' element at (323, 274) ClickablePoint 
[15:15:58] [Debug] Element 'type: ControlType.ListItem, name: Var' not have ClickablePoint 
[15:15:58] [Info] Click on 'type: ControlType.ListItem, name: Var' element at (323, 296) BoundingRectangle center 
[15:16:03] [Info] Click on 'type: ControlType.ComboBox, uid: KonfigurasyonCombobox' element at (323, 183) ClickablePoint 
[15:16:04] [Debug] Element 'type: ControlType.ListItem, name: Var' not have ClickablePoint 
[15:16:05] [Info] Click on 'type: ControlType.ListItem, name: Var' element at (323, 205) BoundingRectangle center 
[15:16:08] [Info] Click on 'type: ControlType.ComboBox, uid: KonfigurasyonCombobox' element at (323, 183) ClickablePoint 
[15:16:09] [Debug] Element 'type: ControlType.ListItem, name: Var' not have ClickablePoint 
[15:16:10] [Info] Click on 'type: ControlType.ListItem, name: Var' element at (323, 205) BoundingRectangle center 
[15:16:16] [Info] Click on 'type: ControlType.ComboBox, uid: KonfigurasyonCombobox' element at (323, 228) ClickablePoint 
[15:16:17] [Debug] Element 'type: ControlType.ListItem, name: Var' not have ClickablePoint 
[15:16:18] [Info] Click on 'type: ControlType.ListItem, name: Var' element at (323, 250) BoundingRectangle center 
[15:16:21] [Info] Click on 'type: ControlType.ComboBox, uid: KonfigurasyonCombobox' element at (323, 228) ClickablePoint 
[15:16:22] [Debug] Element 'type: ControlType.ListItem, name: Var' not have ClickablePoint 
[15:16:22] [Info] Click on 'type: ControlType.ListItem, name: Var' element at (323, 250) BoundingRectangle center 
[15:16:31] [Info] Click on 'type: ControlType.ComboBox, uid: KonfigurasyonCombobox' element at (323, 274) ClickablePoint 
[15:16:32] [Debug] Element 'type: ControlType.ListItem, name: Var' not have ClickablePoint 
[15:16:32] [Info] Click on 'type: ControlType.ListItem, name: Var' element at (323, 296) BoundingRectangle center 
[16:01:22] [Info] Click on 'type: ControlType.ComboBox, uid: KonfigurasyonCombobox' element at (323, 183) ClickablePoint 
[16:01:23] [Debug] Element 'type: ControlType.ListItem, name: Var' not have ClickablePoint 
[16:01:23] [Info] Click on 'type: ControlType.ListItem, name: Var' element at (323, 205) BoundingRectangle center 
[16:01:26] [Info] Click on 'type: ControlType.ComboBox, uid: KonfigurasyonCombobox' element at (323, 183) ClickablePoint 
[16:01:27] [Debug] Element 'type: ControlType.ListItem, name: Var' not have ClickablePoint 
[16:01:28] [Info] Click on 'type: ControlType.ListItem, name: Var' element at (323, 205) BoundingRectangle center 
[16:01:34] [Info] Click on 'type: ControlType.ComboBox, uid: KonfigurasyonCombobox' element at (323, 228) ClickablePoint 
[16:01:35] [Debug] Element 'type: ControlType.ListItem, name: Var' not have ClickablePoint 
[16:01:36] [Info] Click on 'type: ControlType.ListItem, name: Var' element at (323, 250) BoundingRectangle center 
[16:01:39] [Info] Click on 'type: ControlType.ComboBox, uid: KonfigurasyonCombobox' element at (323, 228) ClickablePoint 
[16:01:40] [Debug] Element 'type: ControlType.ListItem, name: Var' not have ClickablePoint 
[16:01:40] [Info] Click on 'type: ControlType.ListItem, name: Var' element at (323, 250) BoundingRectangle center 
[16:01:49] [Info] Click on 'type: ControlType.ComboBox, uid: KonfigurasyonCombobox' element at (323, 274) ClickablePoint 
[16:01:50] [Debug] Element 'type: ControlType.ListItem, name: Var' not have ClickablePoint 
[16:01:51] [Info] Click on 'type: ControlType.ListItem, name: Var' element at (323, 296) BoundingRectangle center 
[16:01:56] [Info] Click on 'type: ControlType.ComboBox, uid: KonfigurasyonCombobox' element at (323, 183) ClickablePoint 
[16:01:57] [Debug] Element 'type: ControlType.ListItem, name: Var' not have ClickablePoint 
[16:01:58] [Info] Click on 'type: ControlType.ListItem, name: Var' element at (323, 205) BoundingRectangle center 
[16:02:01] [Info] Click on 'type: ControlType.ComboBox, uid: KonfigurasyonCombobox' element at (323, 274) ClickablePoint 
[16:02:02] [Debug] Element 'type: ControlType.ListItem, name: Var' not have ClickablePoint 
[16:02:02] [Info] Click on 'type: ControlType.ListItem, name: Var' element at (323, 296) BoundingRectangle center 
[09:10:02] [Info] Click on 'type: ControlType.ComboBox, uid: KonfigurasyonCombobox' element at (323, 183) ClickablePoint 
[09:10:03] [Debug] Element 'type: ControlType.ListItem, name: Var' not have ClickablePoint 
[09:10:04] [Info] Click on 'type: ControlType.ListItem, name: Var' element at (323, 205) BoundingRectangle center 
[09:10:06] [Info] Click on 'type: ControlType.ComboBox, uid: KonfigurasyonCombobox' element at (323, 183) ClickablePoint 
[09:10:08] [Debug] Element 'type: ControlType.ListItem, name: Var' not have ClickablePoint 
[09:10:08] [Info] Click on 'type: ControlType.ListItem, name: Var' element at (323, 205) BoundingRectangle center 
[09:10:15] [Info] Click on 'type: ControlType.ComboBox, uid: KonfigurasyonCombobox' element at (323, 228) ClickablePoint 
[09:10:16] [Debug] Element 'type: ControlType.ListItem, name: Var' not have ClickablePoint 
[09:10:16] [Info] Click on 'type: ControlType.ListItem, name: Var' element at (323, 250) BoundingRectangle center 
[09:10:19] [Info] Click on 'type: ControlType.ComboBox, uid: KonfigurasyonCombobox' element at (323, 228) ClickablePoint 
[09:10:20] [Debug] Element 'type: ControlType.ListItem, name: Var' not have ClickablePoint 
[09:10:21] [Info] Click on 'type: ControlType.ListItem, name: Var' element at (323, 250) BoundingRectangle center 
[09:10:29] [Info] Click on 'type: ControlType.ComboBox, uid: KonfigurasyonCombobox' element at (323, 274) ClickablePoint 
[09:10:30] [Debug] Element 'type: ControlType.ListItem, name: Var' not have ClickablePoint 
[09:10:31] [Info] Click on 'type: ControlType.ListItem, name: Var' element at (323, 296) BoundingRectangle center 
[09:10:36] [Info] Click on 'type: ControlType.ComboBox, uid: KonfigurasyonCombobox' element at (323, 183) ClickablePoint 
[09:10:37] [Debug] Element 'type: ControlType.ListItem, name: Var' not have ClickablePoint 
[09:10:38] [Info] Click on 'type: ControlType.ListItem, name: Var' element at (323, 205) BoundingRectangle center 
[09:10:41] [Info] Click on 'type: ControlType.ComboBox, uid: KonfigurasyonCombobox' element at (323, 274) ClickablePoint 
[09:10:42] [Debug] Element 'type: ControlType.ListItem, name: Var' not have ClickablePoint 
[09:10:42] [Info] Click on 'type: ControlType.ListItem, name: Var' element at (323, 296) BoundingRectangle center 
[10:45:57] [Info] Click on 'type: ControlType.ComboBox, uid: KonfigurasyonCombobox' element at (323, 183) ClickablePoint 
[10:45:59] [Debug] Element 'type: ControlType.ListItem, name: Var' not have ClickablePoint 
[10:45:59] [Info] Click on 'type: ControlType.ListItem, name: Var' element at (323, 205) BoundingRectangle center 
[10:46:02] [Info] Click on 'type: ControlType.ComboBox, uid: KonfigurasyonCombobox' element at (323, 183) ClickablePoint 
[10:46:03] [Debug] Element 'type: ControlType.ListItem, name: Var' not have ClickablePoint 
[10:46:04] [Info] Click on 'type: ControlType.ListItem, name: Var' element at (323, 205) BoundingRectangle center 
[10:46:10] [Info] Click on 'type: ControlType.ComboBox, uid: KonfigurasyonCombobox' element at (323, 228) ClickablePoint 
[10:46:11] [Debug] Element 'type: ControlType.ListItem, name: Var' not have ClickablePoint 
[10:46:12] [Info] Click on 'type: ControlType.ListItem, name: Var' element at (323, 250) BoundingRectangle center 
[10:46:15] [Info] Click on 'type: ControlType.ComboBox, uid: KonfigurasyonCombobox' element at (323, 228) ClickablePoint 
[10:46:16] [Debug] Element 'type: ControlType.ListItem, name: Var' not have ClickablePoint 
[10:46:16] [Info] Click on 'type: ControlType.ListItem, name: Var' element at (323, 250) BoundingRectangle center 
[10:46:25] [Info] Click on 'type: ControlType.ComboBox, uid: KonfigurasyonCombobox' element at (323, 274) ClickablePoint 
[10:46:26] [Debug] Element 'type: ControlType.ListItem, name: Var' not have ClickablePoint 
[10:46:27] [Info] Click on 'type: ControlType.ListItem, name: Var' element at (323, 296) BoundingRectangle center 
[10:46:31] [Info] Click on 'type: ControlType.ComboBox, uid: KonfigurasyonCombobox' element at (323, 183) ClickablePoint 
[10:46:32] [Debug] Element 'type: ControlType.ListItem, name: Var' not have ClickablePoint 
[10:46:32] [Info] Click on 'type: ControlType.ListItem, name: Var' element at (323, 205) BoundingRectangle center 
[10:46:34] [Info] Click on 'type: ControlType.ComboBox, uid: KonfigurasyonCombobox' element at (323, 274) ClickablePoint 
[10:46:35] [Debug] Element 'type: ControlType.ListItem, name: Var' not have ClickablePoint 
[10:46:36] [Info] Click on 'type: ControlType.ListItem, name: Var' element at (323, 296) BoundingRectangle center 
[11:33:07] [Info] Click on 'type: ControlType.ComboBox, uid: KonfigurasyonCombobox' element at (323, 183) ClickablePoint 
[11:33:08] [Debug] Element 'type: ControlType.ListItem, name: Var' not have ClickablePoint 
[11:33:08] [Info] Click on 'type: ControlType.ListItem, name: Var' element at (323, 205) BoundingRectangle center 
[11:33:11] [Info] Click on 'type: ControlType.ComboBox, uid: KonfigurasyonCombobox' element at (323, 183) ClickablePoint 
[11:33:12] [Debug] Element 'type: ControlType.ListItem, name: Var' not have ClickablePoint 
[11:33:13] [Info] Click on 'type: ControlType.ListItem, name: Var' element at (323, 205) BoundingRectangle center 
[11:33:19] [Info] Click on 'type: ControlType.ComboBox, uid: KonfigurasyonCombobox' element at (323, 228) ClickablePoint 
[11:33:20] [Debug] Element 'type: ControlType.ListItem, name: Var' not have ClickablePoint 
[11:33:21] [Info] Click on 'type: ControlType.ListItem, name: Var' element at (323, 250) BoundingRectangle center 
[11:33:24] [Info] Click on 'type: ControlType.ComboBox, uid: KonfigurasyonCombobox' element at (323, 228) ClickablePoint 
[11:33:25] [Debug] Element 'type: ControlType.ListItem, name: Var' not have ClickablePoint 
[11:33:25] [Info] Click on 'type: ControlType.ListItem, name: Var' element at (323, 250) BoundingRectangle center 
[11:33:34] [Info] Click on 'type: ControlType.ComboBox, uid: KonfigurasyonCombobox' element at (323, 274) ClickablePoint 
[11:33:35] [Debug] Element 'type: ControlType.ListItem, name: Var' not have ClickablePoint 
[11:33:35] [Info] Click on 'type: ControlType.ListItem, name: Var' element at (323, 296) BoundingRectangle center 
[11:33:40] [Info] Click on 'type: ControlType.ComboBox, uid: KonfigurasyonCombobox' element at (323, 183) ClickablePoint 
[11:33:41] [Debug] Element 'type: ControlType.ListItem, name: Var' not have ClickablePoint 
[11:33:41] [Info] Click on 'type: ControlType.ListItem, name: Var' element at (323, 205) BoundingRectangle center 
[11:33:43] [Info] Click on 'type: ControlType.ComboBox, uid: KonfigurasyonCombobox' element at (323, 274) ClickablePoint 
[11:33:44] [Debug] Element 'type: ControlType.ListItem, name: Var' not have ClickablePoint 
[11:33:45] [Info] Click on 'type: ControlType.ListItem, name: Var' element at (323, 296) BoundingRectangle center 
[15:44:06] [Info] Click on 'type: ControlType.ComboBox, uid: KonfigurasyonCombobox' element at (323, 183) ClickablePoint 
[15:44:08] [Debug] Element 'type: ControlType.ListItem, name: Var' not have ClickablePoint 
[15:44:08] [Info] Click on 'type: ControlType.ListItem, name: Var' element at (323, 205) BoundingRectangle center 
[15:44:11] [Info] Click on 'type: ControlType.ComboBox, uid: KonfigurasyonCombobox' element at (323, 183) ClickablePoint 
[15:44:12] [Debug] Element 'type: ControlType.ListItem, name: Var' not have ClickablePoint 
[15:44:13] [Info] Click on 'type: ControlType.ListItem, name: Var' element at (323, 205) BoundingRectangle center 
[15:44:19] [Info] Click on 'type: ControlType.ComboBox, uid: KonfigurasyonCombobox' element at (323, 228) ClickablePoint 
[15:44:20] [Debug] Element 'type: ControlType.ListItem, name: Var' not have ClickablePoint 
[15:44:21] [Info] Click on 'type: ControlType.ListItem, name: Var' element at (323, 250) BoundingRectangle center 
[15:44:24] [Info] Click on 'type: ControlType.ComboBox, uid: KonfigurasyonCombobox' element at (323, 228) ClickablePoint 
[15:44:25] [Debug] Element 'type: ControlType.ListItem, name: Var' not have ClickablePoint 
[15:44:25] [Info] Click on 'type: ControlType.ListItem, name: Var' element at (323, 250) BoundingRectangle center 
[15:44:34] [Info] Click on 'type: ControlType.ComboBox, uid: KonfigurasyonCombobox' element at (323, 274) ClickablePoint 
[15:44:35] [Debug] Element 'type: ControlType.ListItem, name: Var' not have ClickablePoint 
[15:44:36] [Info] Click on 'type: ControlType.ListItem, name: Var' element at (323, 296) BoundingRectangle center 
[15:44:40] [Info] Click on 'type: ControlType.ComboBox, uid: KonfigurasyonCombobox' element at (323, 183) ClickablePoint 
[15:44:41] [Debug] Element 'type: ControlType.ListItem, name: Var' not have ClickablePoint 
[15:44:41] [Info] Click on 'type: ControlType.ListItem, name: Var' element at (323, 205) BoundingRectangle center 
[15:44:43] [Info] Click on 'type: ControlType.ComboBox, uid: KonfigurasyonCombobox' element at (323, 274) ClickablePoint 
[15:44:44] [Debug] Element 'type: ControlType.ListItem, name: Var' not have ClickablePoint 
[15:44:45] [Info] Click on 'type: ControlType.ListItem, name: Var' element at (323, 296) BoundingRectangle center 
[09:35:04] [Info] Click on 'type: ControlType.ComboBox, uid: KonfigurasyonCombobox' element at (300, 183) ClickablePoint 
[09:35:05] [Debug] Element 'type: ControlType.ListItem, name: Var Secimi' not have ClickablePoint 
[09:35:06] [Info] Click on 'type: ControlType.ListItem, name: Var Secimi' element at (300.5, 205) BoundingRectangle center 
[09:35:09] [Info] Click on 'type: ControlType.ComboBox, uid: KonfigurasyonCombobox' element at (300, 183) ClickablePoint 
[09:35:10] [Info] Click on 'type: ControlType.ListItem, name: Var Secimi' element at (300, 205) ClickablePoint 
[09:35:17] [Info] Click on 'type: ControlType.ComboBox, uid: KonfigurasyonCombobox' element at (300, 228) ClickablePoint 
[09:35:18] [Debug] Element 'type: ControlType.ListItem, name: Var Secimi' not have ClickablePoint 
[09:35:19] [Info] Click on 'type: ControlType.ListItem, name: Var Secimi' element at (300.5, 250) BoundingRectangle center 
[09:35:21] [Info] Click on 'type: ControlType.ComboBox, uid: KonfigurasyonCombobox' element at (300, 228) ClickablePoint 
[09:35:23] [Info] Click on 'type: ControlType.ListItem, name: Var Secimi' element at (300, 250) ClickablePoint 
[09:35:32] [Info] Click on 'type: ControlType.ComboBox, uid: KonfigurasyonCombobox' element at (300, 274) ClickablePoint 
[09:35:33] [Debug] Element 'type: ControlType.ListItem, name: Var Secimi' not have ClickablePoint 
[09:35:33] [Info] Click on 'type: ControlType.ListItem, name: Var Secimi' element at (300.5, 296) BoundingRectangle center 
[09:35:38] [Info] Click on 'type: ControlType.ComboBox, uid: KonfigurasyonCombobox' element at (300, 183) ClickablePoint 
[09:35:39] [Info] Click on 'type: ControlType.ListItem, name: Var Secimi' element at (300, 205) ClickablePoint 
[09:35:41] [Info] Click on 'type: ControlType.ComboBox, uid: KonfigurasyonCombobox' element at (300, 274) ClickablePoint 
[09:35:42] [Info] Click on 'type: ControlType.ListItem, name: Var Secimi' element at (300, 296) ClickablePoint 
[13:51:41] [Info] Click on 'type: ControlType.ComboBox, uid: KonfigurasyonCombobox' element at (300, 183) ClickablePoint 
[13:51:42] [Debug] Element 'type: ControlType.ListItem, name: Var Secimi' not have ClickablePoint 
[13:51:43] [Info] Click on 'type: ControlType.ListItem, name: Var Secimi' element at (300.5, 205) BoundingRectangle center 
[13:51:46] [Info] Click on 'type: ControlType.ComboBox, uid: KonfigurasyonCombobox' element at (300, 183) ClickablePoint 
[13:51:47] [Info] Click on 'type: ControlType.ListItem, name: Var Secimi' element at (300, 205) ClickablePoint 
[13:51:54] [Info] Click on 'type: ControlType.ComboBox, uid: KonfigurasyonCombobox' element at (300, 228) ClickablePoint 
[13:51:55] [Debug] Element 'type: ControlType.ListItem, name: Var Secimi' not have ClickablePoint 
[13:51:55] [Info] Click on 'type: ControlType.ListItem, name: Var Secimi' element at (300.5, 250) BoundingRectangle center 
[13:51:58] [Info] Click on 'type: ControlType.ComboBox, uid: KonfigurasyonCombobox' element at (300, 228) ClickablePoint 
[13:52:00] [Info] Click on 'type: ControlType.ListItem, name: Var Secimi' element at (300, 250) ClickablePoint 
[13:52:08] [Info] Click on 'type: ControlType.ComboBox, uid: KonfigurasyonCombobox' element at (300, 274) ClickablePoint 
[13:52:10] [Debug] Element 'type: ControlType.ListItem, name: Var Secimi' not have ClickablePoint 
[13:52:10] [Info] Click on 'type: ControlType.ListItem, name: Var Secimi' element at (300.5, 296) BoundingRectangle center 
[13:52:14] [Info] Click on 'type: ControlType.ComboBox, uid: KonfigurasyonCombobox' element at (300, 183) ClickablePoint 
[13:52:16] [Info] Click on 'type: ControlType.ListItem, name: Var Secimi' element at (300, 205) ClickablePoint 
[13:52:18] [Info] Click on 'type: ControlType.ComboBox, uid: KonfigurasyonCombobox' element at (300, 274) ClickablePoint 
[13:52:19] [Info] Click on 'type: ControlType.ListItem, name: Var Secimi' element at (300, 296) ClickablePoint 
[15:48:37] [Info] Click on 'type: ControlType.ComboBox, uid: KonfigurasyonCombobox' element at (385, 268) ClickablePoint 
[15:48:38] [Debug] Element 'type: ControlType.ListItem, name: Var Secimi' not have ClickablePoint 
[15:48:39] [Info] Click on 'type: ControlType.ListItem, name: Var Secimi' element at (385.5, 290) BoundingRectangle center 
[15:48:42] [Info] Click on 'type: ControlType.ComboBox, uid: KonfigurasyonCombobox' element at (385, 268) ClickablePoint 
[15:48:44] [Info] Click on 'type: ControlType.ListItem, name: Var Secimi' element at (385, 290) ClickablePoint 
[15:48:50] [Info] Click on 'type: ControlType.ComboBox, uid: KonfigurasyonCombobox' element at (385, 313) ClickablePoint 
[15:48:51] [Debug] Element 'type: ControlType.ListItem, name: Var Secimi' not have ClickablePoint 
[15:48:52] [Info] Click on 'type: ControlType.ListItem, name: Var Secimi' element at (385.5, 335) BoundingRectangle center 
[15:48:55] [Info] Click on 'type: ControlType.ComboBox, uid: KonfigurasyonCombobox' element at (385, 313) ClickablePoint 
[15:48:56] [Info] Click on 'type: ControlType.ListItem, name: Var Secimi' element at (385, 335) ClickablePoint 
[15:49:05] [Info] Click on 'type: ControlType.ComboBox, uid: KonfigurasyonCombobox' element at (385, 359) ClickablePoint 
[15:49:06] [Debug] Element 'type: ControlType.ListItem, name: Var Secimi' not have ClickablePoint 
[15:49:06] [Info] Click on 'type: ControlType.ListItem, name: Var Secimi' element at (385.5, 381) BoundingRectangle center 
[15:49:11] [Info] Click on 'type: ControlType.ComboBox, uid: KonfigurasyonCombobox' element at (385, 268) ClickablePoint 
[15:49:12] [Info] Click on 'type: ControlType.ListItem, name: Var Secimi' element at (385, 290) ClickablePoint 
[15:49:14] [Info] Click on 'type: ControlType.ComboBox, uid: KonfigurasyonCombobox' element at (385, 359) ClickablePoint 
[15:49:15] [Info] Click on 'type: ControlType.ListItem, name: Var Secimi' element at (385, 381) ClickablePoint 
